<?xml version="1.0" encoding="UTF-8"?>
<!-- Generated by org.testng.reporters.JUnitXMLReporter -->
<testsuite ignored="2" hostname="DESKTOP-0L4OL9P" failures="0" tests="1" name="Default test" time="19.116" errors="0" timestamp="2024-01-29T00:00:05 IST">
  <testcase classname="test.SuccessfulOrder" name="verifyIfUserIsAbleToOrderTheMultipleProduct" time="11.098"/>
  <testcase classname="test.SuccessfulOrder" name="verifyIfUserIsAbleTCancelTheOrder" time="0.0">
    <ignored/>
  </testcase> <!-- verifyIfUserIsAbleTCancelTheOrder -->
  <testcase classname="test.SuccessfulOrder" name="verifyIsOrderIsSuccessfulyPlace" time="0.0">
    <ignored/>
  </testcase> <!-- verifyIsOrderIsSuccessfulyPlace -->
</testsuite> <!-- Default test -->
